2025-09-26T00:35:49.091+05:30  INFO 16492 --- [config-server] [main] c.s.springboot.ConfigServerApplication   : Starting ConfigServerApplication using Java 17.0.11 with PID 16492 (D:\Eclipse-23-24\SpringBoot\EmbarkX\EcomApp-Containers\1_ConfigServer\target\classes started by ssais in D:\Eclipse-23-24\SpringBoot\EmbarkX\EcomApp-Containers\1_ConfigServer)
2025-09-26T00:35:49.108+05:30  INFO 16492 --- [config-server] [main] c.s.springboot.ConfigServerApplication   : No active profile set, falling back to 1 default profile: "default"
2025-09-26T00:35:50.713+05:30  INFO 16492 --- [config-server] [main] o.s.cloud.context.scope.GenericScope     : BeanFactory id=0c0be3d7-7d7e-3a33-b9d1-b9dccf93025e
2025-09-26T00:35:51.079+05:30  INFO 16492 --- [config-server] [main] o.s.b.w.embedded.tomcat.TomcatWebServer  : Tomcat initialized with port 8086 (http)
2025-09-26T00:35:51.100+05:30  INFO 16492 --- [config-server] [main] o.apache.catalina.core.StandardService   : Starting service [Tomcat]
2025-09-26T00:35:51.100+05:30  INFO 16492 --- [config-server] [main] o.apache.catalina.core.StandardEngine    : Starting Servlet engine: [Apache Tomcat/10.1.44]
2025-09-26T00:35:51.189+05:30  INFO 16492 --- [config-server] [main] o.a.c.c.C.[Tomcat].[localhost].[/]       : Initializing Spring embedded WebApplicationContext
2025-09-26T00:35:51.189+05:30  INFO 16492 --- [config-server] [main] w.s.c.ServletWebServerApplicationContext : Root WebApplicationContext: initialization completed in 1960 ms
2025-09-26T00:35:52.078+05:30  WARN 16492 --- [config-server] [main] ConfigServletWebServerApplicationContext : Exception encountered during context initialization - cancelling refresh attempt: org.springframework.beans.factory.UnsatisfiedDependencyException: Error creating bean with name 'healthContributorRegistry' defined in class path resource [org/springframework/boot/actuate/autoconfigure/health/HealthEndpointConfiguration.class]: Unsatisfied dependency expressed through method 'healthContributorRegistry' parameter 2: Error creating bean with name 'configServerHealthIndicator' defined in class path resource [org/springframework/cloud/config/server/config/EnvironmentRepositoryConfiguration$ConfigServerActuatorConfiguration.class]: Unsatisfied dependency expressed through method 'configServerHealthIndicator' parameter 0: Error creating bean with name 'searchPathCompositeEnvironmentRepository' defined in class path resource [org/springframework/cloud/config/server/config/CompositeConfiguration.class]: Unsatisfied dependency expressed through method 'searchPathCompositeEnvironmentRepository' parameter 0: Error creating bean with name 'defaultEnvironmentRepository' defined in class path resource [org/springframework/cloud/config/server/config/DefaultRepositoryConfiguration.class]: You need to configure a uri for the git repository.
2025-09-26T00:35:52.080+05:30  INFO 16492 --- [config-server] [main] o.apache.catalina.core.StandardService   : Stopping service [Tomcat]
2025-09-26T00:35:52.107+05:30  INFO 16492 --- [config-server] [main] .s.b.a.l.ConditionEvaluationReportLogger : 

Error starting ApplicationContext. To display the condition evaluation report re-run your application with 'debug' enabled.
2025-09-26T00:35:52.130+05:30 ERROR 16492 --- [config-server] [main] o.s.b.d.LoggingFailureAnalysisReporter   : 

***************************
APPLICATION FAILED TO START
***************************

Description:

Invalid config server configuration.

Action:

If you are using the git profile, you need to set a Git URI in your configuration.  If you have set spring.cloud.config.server.bootstrap=true, you need to use a composite configuration.

2025-09-26T00:38:54.739+05:30  INFO 19816 --- [config-server] [main] c.s.springboot.ConfigServerApplication   : Starting ConfigServerApplication using Java 17.0.11 with PID 19816 (D:\Eclipse-23-24\SpringBoot\EmbarkX\EcomApp-Containers\1_ConfigServer\target\classes started by ssais in D:\Eclipse-23-24\SpringBoot\EmbarkX\EcomApp-Containers\1_ConfigServer)
2025-09-26T00:38:54.743+05:30  INFO 19816 --- [config-server] [main] c.s.springboot.ConfigServerApplication   : The following 1 profile is active: "native"
2025-09-26T00:38:56.121+05:30  INFO 19816 --- [config-server] [main] o.s.cloud.context.scope.GenericScope     : BeanFactory id=8f4691b3-af9b-3ae8-b920-e2fe721df0ff
2025-09-26T00:38:56.499+05:30  INFO 19816 --- [config-server] [main] o.s.b.w.embedded.tomcat.TomcatWebServer  : Tomcat initialized with port 8086 (http)
2025-09-26T00:38:56.516+05:30  INFO 19816 --- [config-server] [main] o.apache.catalina.core.StandardService   : Starting service [Tomcat]
2025-09-26T00:38:56.517+05:30  INFO 19816 --- [config-server] [main] o.apache.catalina.core.StandardEngine    : Starting Servlet engine: [Apache Tomcat/10.1.44]
2025-09-26T00:38:56.602+05:30  INFO 19816 --- [config-server] [main] o.a.c.c.C.[Tomcat].[localhost].[/]       : Initializing Spring embedded WebApplicationContext
2025-09-26T00:38:56.604+05:30  INFO 19816 --- [config-server] [main] w.s.c.ServletWebServerApplicationContext : Root WebApplicationContext: initialization completed in 1762 ms
2025-09-26T00:38:58.028+05:30  INFO 19816 --- [config-server] [main] o.s.b.a.e.web.EndpointLinksResolver      : Exposing 1 endpoint beneath base path '/actuator'
2025-09-26T00:38:58.250+05:30  INFO 19816 --- [config-server] [main] o.s.b.w.embedded.tomcat.TomcatWebServer  : Tomcat started on port 8086 (http) with context path '/'
2025-09-26T00:38:58.537+05:30  INFO 19816 --- [config-server] [main] c.s.springboot.ConfigServerApplication   : Started ConfigServerApplication in 4.643 seconds (process running for 5.803)
2025-09-26T00:38:59.407+05:30  INFO 19816 --- [config-server] [RMI TCP Connection(4)-127.0.0.1] o.a.c.c.C.[Tomcat].[localhost].[/]       : Initializing Spring DispatcherServlet 'dispatcherServlet'
2025-09-26T00:38:59.411+05:30  INFO 19816 --- [config-server] [RMI TCP Connection(4)-127.0.0.1] o.s.web.servlet.DispatcherServlet        : Initializing Servlet 'dispatcherServlet'
2025-09-26T00:38:59.417+05:30  INFO 19816 --- [config-server] [RMI TCP Connection(4)-127.0.0.1] o.s.web.servlet.DispatcherServlet        : Completed initialization in 4 ms
2025-09-26T00:39:10.321+05:30  INFO 19816 --- [config-server] [RMI TCP Connection(2)-127.0.0.1] inMXBeanRegistrar$SpringApplicationAdmin : Application shutdown requested.
2025-09-26T00:39:10.328+05:30  INFO 19816 --- [config-server] [RMI TCP Connection(2)-127.0.0.1] o.s.b.w.e.tomcat.GracefulShutdown        : Commencing graceful shutdown. Waiting for active requests to complete
2025-09-26T00:39:10.726+05:30  INFO 19816 --- [config-server] [tomcat-shutdown] o.s.b.w.e.tomcat.GracefulShutdown        : Graceful shutdown complete
2025-09-26T01:57:39.052+05:30  INFO 7248 --- [config-server] [main] c.s.springboot.ConfigServerApplication   : Starting ConfigServerApplication using Java 17.0.11 with PID 7248 (D:\Eclipse-23-24\SpringBoot\EmbarkX\EcomApp-Containers\1_ConfigServer\target\classes started by ssais in D:\Eclipse-23-24\SpringBoot\EmbarkX\EcomApp-Containers\1_ConfigServer)
2025-09-26T01:57:39.055+05:30  INFO 7248 --- [config-server] [main] c.s.springboot.ConfigServerApplication   : The following 1 profile is active: "native"
2025-09-26T01:57:40.315+05:30  INFO 7248 --- [config-server] [main] o.s.cloud.context.scope.GenericScope     : BeanFactory id=8f4691b3-af9b-3ae8-b920-e2fe721df0ff
2025-09-26T01:57:40.637+05:30  INFO 7248 --- [config-server] [main] o.s.b.w.embedded.tomcat.TomcatWebServer  : Tomcat initialized with port 8086 (http)
2025-09-26T01:57:40.651+05:30  INFO 7248 --- [config-server] [main] o.apache.catalina.core.StandardService   : Starting service [Tomcat]
2025-09-26T01:57:40.652+05:30  INFO 7248 --- [config-server] [main] o.apache.catalina.core.StandardEngine    : Starting Servlet engine: [Apache Tomcat/10.1.44]
2025-09-26T01:57:40.710+05:30  INFO 7248 --- [config-server] [main] o.a.c.c.C.[Tomcat].[localhost].[/]       : Initializing Spring embedded WebApplicationContext
2025-09-26T01:57:40.711+05:30  INFO 7248 --- [config-server] [main] w.s.c.ServletWebServerApplicationContext : Root WebApplicationContext: initialization completed in 1553 ms
2025-09-26T01:57:41.938+05:30  INFO 7248 --- [config-server] [main] o.s.b.a.e.web.EndpointLinksResolver      : Exposing 1 endpoint beneath base path '/actuator'
2025-09-26T01:57:42.031+05:30  INFO 7248 --- [config-server] [main] o.s.b.w.embedded.tomcat.TomcatWebServer  : Tomcat started on port 8086 (http) with context path '/'
2025-09-26T01:57:42.220+05:30  INFO 7248 --- [config-server] [main] c.s.springboot.ConfigServerApplication   : Started ConfigServerApplication in 4.088 seconds (process running for 4.957)
2025-09-26T01:57:42.677+05:30  INFO 7248 --- [config-server] [RMI TCP Connection(4)-127.0.0.1] o.a.c.c.C.[Tomcat].[localhost].[/]       : Initializing Spring DispatcherServlet 'dispatcherServlet'
2025-09-26T01:57:42.678+05:30  INFO 7248 --- [config-server] [RMI TCP Connection(4)-127.0.0.1] o.s.web.servlet.DispatcherServlet        : Initializing Servlet 'dispatcherServlet'
2025-09-26T01:57:42.686+05:30  INFO 7248 --- [config-server] [RMI TCP Connection(4)-127.0.0.1] o.s.web.servlet.DispatcherServlet        : Completed initialization in 7 ms
2025-09-26T02:09:39.726+05:30  INFO 7248 --- [config-server] [RMI TCP Connection(17)-127.0.0.1] inMXBeanRegistrar$SpringApplicationAdmin : Application shutdown requested.
2025-09-26T02:09:40.370+05:30  INFO 7248 --- [config-server] [RMI TCP Connection(17)-127.0.0.1] o.s.b.w.e.tomcat.GracefulShutdown        : Commencing graceful shutdown. Waiting for active requests to complete
2025-09-26T02:09:40.887+05:30  INFO 7248 --- [config-server] [tomcat-shutdown] o.s.b.w.e.tomcat.GracefulShutdown        : Graceful shutdown complete
2025-09-26T16:59:54.369+05:30  INFO 10336 --- [config-server] [main] c.s.springboot.ConfigServerApplication   : Starting ConfigServerApplication using Java 17.0.11 with PID 10336 (D:\Eclipse-23-24\SpringBoot\EmbarkX\EcomApp-Containers\1_ConfigServer\target\classes started by ssais in D:\Eclipse-23-24\SpringBoot\EmbarkX\EcomApp-Containers\1_ConfigServer)
2025-09-26T16:59:54.373+05:30  INFO 10336 --- [config-server] [main] c.s.springboot.ConfigServerApplication   : The following 1 profile is active: "native"
2025-09-26T16:59:56.719+05:30  INFO 10336 --- [config-server] [main] o.s.cloud.context.scope.GenericScope     : BeanFactory id=8f4691b3-af9b-3ae8-b920-e2fe721df0ff
2025-09-26T16:59:57.871+05:30  INFO 10336 --- [config-server] [main] o.s.b.w.embedded.tomcat.TomcatWebServer  : Tomcat initialized with port 8086 (http)
2025-09-26T16:59:57.946+05:30  INFO 10336 --- [config-server] [main] o.apache.catalina.core.StandardService   : Starting service [Tomcat]
2025-09-26T16:59:57.946+05:30  INFO 10336 --- [config-server] [main] o.apache.catalina.core.StandardEngine    : Starting Servlet engine: [Apache Tomcat/10.1.44]
2025-09-26T16:59:58.053+05:30  INFO 10336 --- [config-server] [main] o.a.c.c.C.[Tomcat].[localhost].[/]       : Initializing Spring embedded WebApplicationContext
2025-09-26T16:59:58.054+05:30  INFO 10336 --- [config-server] [main] w.s.c.ServletWebServerApplicationContext : Root WebApplicationContext: initialization completed in 3560 ms
2025-09-26T17:00:00.188+05:30  INFO 10336 --- [config-server] [main] o.s.b.a.e.web.EndpointLinksResolver      : Exposing 1 endpoint beneath base path '/actuator'
2025-09-26T17:00:00.292+05:30  INFO 10336 --- [config-server] [main] o.s.b.w.embedded.tomcat.TomcatWebServer  : Tomcat started on port 8086 (http) with context path '/'
2025-09-26T17:00:00.485+05:30  INFO 10336 --- [config-server] [main] c.s.springboot.ConfigServerApplication   : Started ConfigServerApplication in 7.727 seconds (process running for 8.885)
2025-09-26T17:00:01.618+05:30  INFO 10336 --- [config-server] [RMI TCP Connection(4)-127.0.0.1] o.a.c.c.C.[Tomcat].[localhost].[/]       : Initializing Spring DispatcherServlet 'dispatcherServlet'
2025-09-26T17:00:01.618+05:30  INFO 10336 --- [config-server] [RMI TCP Connection(4)-127.0.0.1] o.s.web.servlet.DispatcherServlet        : Initializing Servlet 'dispatcherServlet'
2025-09-26T17:00:01.621+05:30  INFO 10336 --- [config-server] [RMI TCP Connection(4)-127.0.0.1] o.s.web.servlet.DispatcherServlet        : Completed initialization in 2 ms
2025-09-26T17:06:15.615+05:30  INFO 10336 --- [config-server] [http-nio-8086-exec-1] o.s.c.c.s.e.NativeEnvironmentRepository  : Adding property source: Config resource 'file [D:\Eclipse-23-24\SpringBoot\EmbarkX\EcomApp-Containers\1_ConfigServer\src\main\resources\config\eureka-server-service.yml]' via location 'file:///D:\Eclipse-23-24\SpringBoot\EmbarkX\EcomApp-Containers\1_ConfigServer\src\main\resources\config/'
2025-09-26T17:08:12.317+05:30  INFO 10336 --- [config-server] [http-nio-8086-exec-3] o.s.c.c.s.e.NativeEnvironmentRepository  : Adding property source: Config resource 'file [D:\Eclipse-23-24\SpringBoot\EmbarkX\EcomApp-Containers\1_ConfigServer\src\main\resources\config\eureka-server-service.yml]' via location 'file:///D:\Eclipse-23-24\SpringBoot\EmbarkX\EcomApp-Containers\1_ConfigServer\src\main\resources\config/'
2025-09-26T17:08:58.161+05:30  INFO 10336 --- [config-server] [http-nio-8086-exec-4] o.s.c.c.s.e.NativeEnvironmentRepository  : Adding property source: Config resource 'file [D:\Eclipse-23-24\SpringBoot\EmbarkX\EcomApp-Containers\1_ConfigServer\src\main\resources\config\user-service.yml]' via location 'file:///D:\Eclipse-23-24\SpringBoot\EmbarkX\EcomApp-Containers\1_ConfigServer\src\main\resources\config/'
2025-09-26T17:11:40.138+05:30  INFO 10336 --- [config-server] [http-nio-8086-exec-7] o.s.c.c.s.e.NativeEnvironmentRepository  : Adding property source: Config resource 'file [D:\Eclipse-23-24\SpringBoot\EmbarkX\EcomApp-Containers\1_ConfigServer\src\main\resources\config\api-gateway-service.yml]' via location 'file:///D:\Eclipse-23-24\SpringBoot\EmbarkX\EcomApp-Containers\1_ConfigServer\src\main\resources\config/'
2025-09-26T17:12:19.842+05:30  INFO 10336 --- [config-server] [http-nio-8086-exec-8] o.s.c.c.s.e.NativeEnvironmentRepository  : Adding property source: Config resource 'file [D:\Eclipse-23-24\SpringBoot\EmbarkX\EcomApp-Containers\1_ConfigServer\src\main\resources\config\user-service.yml]' via location 'file:///D:\Eclipse-23-24\SpringBoot\EmbarkX\EcomApp-Containers\1_ConfigServer\src\main\resources\config/'
2025-09-26T17:12:54.034+05:30  INFO 10336 --- [config-server] [http-nio-8086-exec-1] o.s.c.c.s.e.NativeEnvironmentRepository  : Adding property source: Config resource 'file [D:\Eclipse-23-24\SpringBoot\EmbarkX\EcomApp-Containers\1_ConfigServer\src\main\resources\config\product-service.yml]' via location 'file:///D:\Eclipse-23-24\SpringBoot\EmbarkX\EcomApp-Containers\1_ConfigServer\src\main\resources\config/'
2025-09-26T17:15:35.485+05:30  INFO 10336 --- [config-server] [http-nio-8086-exec-3] o.s.c.c.s.e.NativeEnvironmentRepository  : Adding property source: Config resource 'file [D:\Eclipse-23-24\SpringBoot\EmbarkX\EcomApp-Containers\1_ConfigServer\src\main\resources\config\product-service.yml]' via location 'file:///D:\Eclipse-23-24\SpringBoot\EmbarkX\EcomApp-Containers\1_ConfigServer\src\main\resources\config/'
2025-09-26T17:22:44.205+05:30  INFO 10336 --- [config-server] [http-nio-8086-exec-5] o.s.c.c.s.e.NativeEnvironmentRepository  : Adding property source: Config resource 'file [D:\Eclipse-23-24\SpringBoot\EmbarkX\EcomApp-Containers\1_ConfigServer\src\main\resources\config\api-gateway-service.yml]' via location 'file:///D:\Eclipse-23-24\SpringBoot\EmbarkX\EcomApp-Containers\1_ConfigServer\src\main\resources\config/'
2025-09-26T17:23:15.090+05:30  INFO 10336 --- [config-server] [http-nio-8086-exec-6] o.s.c.c.s.e.NativeEnvironmentRepository  : Adding property source: Config resource 'file [D:\Eclipse-23-24\SpringBoot\EmbarkX\EcomApp-Containers\1_ConfigServer\src\main\resources\config\product-service.yml]' via location 'file:///D:\Eclipse-23-24\SpringBoot\EmbarkX\EcomApp-Containers\1_ConfigServer\src\main\resources\config/'
2025-09-26T17:23:50.138+05:30  INFO 10336 --- [config-server] [http-nio-8086-exec-8] o.s.c.c.s.e.NativeEnvironmentRepository  : Adding property source: Config resource 'file [D:\Eclipse-23-24\SpringBoot\EmbarkX\EcomApp-Containers\1_ConfigServer\src\main\resources\config\user-service.yml]' via location 'file:///D:\Eclipse-23-24\SpringBoot\EmbarkX\EcomApp-Containers\1_ConfigServer\src\main\resources\config/'
2025-09-26T17:24:00.054+05:30  INFO 10336 --- [config-server] [http-nio-8086-exec-9] o.s.c.c.s.e.NativeEnvironmentRepository  : Adding property source: Config resource 'file [D:\Eclipse-23-24\SpringBoot\EmbarkX\EcomApp-Containers\1_ConfigServer\src\main\resources\config\order-service.yml]' via location 'file:///D:\Eclipse-23-24\SpringBoot\EmbarkX\EcomApp-Containers\1_ConfigServer\src\main\resources\config/'
2025-09-26T17:24:36.465+05:30  INFO 10336 --- [config-server] [http-nio-8086-exec-2] o.s.c.c.s.e.NativeEnvironmentRepository  : Adding property source: Config resource 'file [D:\Eclipse-23-24\SpringBoot\EmbarkX\EcomApp-Containers\1_ConfigServer\src\main\resources\config\user-service.yml]' via location 'file:///D:\Eclipse-23-24\SpringBoot\EmbarkX\EcomApp-Containers\1_ConfigServer\src\main\resources\config/'
2025-09-26T17:25:08.532+05:30  INFO 10336 --- [config-server] [http-nio-8086-exec-4] o.s.c.c.s.e.NativeEnvironmentRepository  : Adding property source: Config resource 'file [D:\Eclipse-23-24\SpringBoot\EmbarkX\EcomApp-Containers\1_ConfigServer\src\main\resources\config\api-gateway-service.yml]' via location 'file:///D:\Eclipse-23-24\SpringBoot\EmbarkX\EcomApp-Containers\1_ConfigServer\src\main\resources\config/'
2025-09-26T17:34:22.959+05:30  INFO 10336 --- [config-server] [http-nio-8086-exec-7] o.s.c.c.s.e.NativeEnvironmentRepository  : Adding property source: Config resource 'file [D:\Eclipse-23-24\SpringBoot\EmbarkX\EcomApp-Containers\1_ConfigServer\src\main\resources\config\user-service.yml]' via location 'file:///D:\Eclipse-23-24\SpringBoot\EmbarkX\EcomApp-Containers\1_ConfigServer\src\main\resources\config/'
2025-09-26T18:33:58.573+05:30  INFO 10336 --- [config-server] [RMI TCP Connection(98)-127.0.0.1] inMXBeanRegistrar$SpringApplicationAdmin : Application shutdown requested.
2025-09-26T18:33:58.912+05:30  INFO 10336 --- [config-server] [RMI TCP Connection(98)-127.0.0.1] o.s.b.w.e.tomcat.GracefulShutdown        : Commencing graceful shutdown. Waiting for active requests to complete
2025-09-26T18:33:59.144+05:30  INFO 10336 --- [config-server] [tomcat-shutdown] o.s.b.w.e.tomcat.GracefulShutdown        : Graceful shutdown complete
